<?xml version="1.0" encoding="UTF-8"?>
<testng-results skipped="0" failed="0" total="1" passed="1">
  <reporter-output>
  </reporter-output>
  <suite name="Default suite" duration-ms="18413" started-at="2014-03-11T14:15:58Z" finished-at="2014-03-11T14:16:16Z">
    <groups>
    </groups>
    <test name="Default test" duration-ms="18413" started-at="2014-03-11T14:15:58Z" finished-at="2014-03-11T14:16:16Z">
      <class name="Com.FI.TestScripts.AddIndicator">
        <test-method status="PASS" signature="setUp()[pri:0, instance:Com.FI.TestScripts.AddIndicator@1256ea2]" name="setUp" is-config="true" duration-ms="13636" started-at="2014-03-11T19:45:58Z" finished-at="2014-03-11T19:46:12Z">
          <reporter-output>
          </reporter-output>
        </test-method> <!-- setUp -->
        <test-method status="PASS" signature="testLogin()[pri:0, instance:Com.FI.TestScripts.AddIndicator@1256ea2]" name="testLogin" duration-ms="4767" started-at="2014-03-11T19:46:12Z" finished-at="2014-03-11T19:46:16Z">
          <reporter-output>
          </reporter-output>
        </test-method> <!-- testLogin -->
        <test-method status="PASS" signature="tearDown()[pri:0, instance:Com.FI.TestScripts.AddIndicator@1256ea2]" name="tearDown" is-config="true" duration-ms="0" started-at="2014-03-11T19:46:16Z" finished-at="2014-03-11T19:46:16Z">
          <reporter-output>
          </reporter-output>
        </test-method> <!-- tearDown -->
      </class> <!-- Com.FI.TestScripts.AddIndicator -->
    </test> <!-- Default test -->
  </suite> <!-- Default suite -->
</testng-results>
